<?xml version="1.0" encoding="UTF-8"?>
<!-- Generated by org.testng.reporters.JUnitReportReporter -->
<testsuite hostname="LAPTOP-07R9VU7F" failures="0" tests="1" name="com.naveenautomation.pageTests.LogoutPageTest" time="8.458" errors="0" timestamp="09 Oct 2023 02:13:45 GMT" skipped="0">
  <testcase classname="com.naveenautomation.pageTests.LogoutPageTest" name="validateUserCanLogout" time="8.458"/>
</testsuite> <!-- com.naveenautomation.pageTests.LogoutPageTest -->
