<?xml version="1.0" encoding="UTF-8"?>
<!-- Generated by org.testng.reporters.JUnitReportReporter -->
<testsuite hostname="LAPTOP-07R9VU7F" failures="0" tests="1" name="com.naveenautomation.pageTests.LoginPageTest" time="12.989" errors="0" timestamp="2023-11-14T23:10:21 EST" skipped="0">
  <testcase classname="com.naveenautomation.pageTests.LoginPageTest" name="validateUserCanNotLoginWithInValidCredentials" time="12.989"/>
</testsuite> <!-- com.naveenautomation.pageTests.LoginPageTest -->
