<?xml version="1.0" encoding="UTF-8"?>
<!-- Generated by org.testng.reporters.JUnitReportReporter -->
<testsuite hostname="LAPTOP-07R9VU7F" failures="0" tests="1" name="com.naveenautomation.pageTests.RegisterPageTest" time="17.267" errors="0" timestamp="2023-11-15T06:04:11 EST" skipped="0">
  <testcase classname="com.naveenautomation.pageTests.RegisterPageTest" name="validateUserCannotRegisterNewAccountWithoutCheckingAgree" time="17.267"/>
</testsuite> <!-- com.naveenautomation.pageTests.RegisterPageTest -->
