<?xml version="1.0" encoding="UTF-8"?>
<!-- Generated by org.testng.reporters.JUnitReportReporter -->
<testsuite hostname="LAPTOP-07R9VU7F" failures="0" tests="1" name="com.naveenautomation.pageTests.AddressBookTest" time="23.043" errors="0" timestamp="2023-11-15T17:11:32 EST" skipped="0">
  <testcase classname="com.naveenautomation.pageTests.AddressBookTest" name="validateUserCanUpdateAddress" time="23.043"/>
</testsuite> <!-- com.naveenautomation.pageTests.AddressBookTest -->
