<?xml version="1.0" encoding="UTF-8"?>
<!-- Generated by org.testng.reporters.JUnitReportReporter -->
<testsuite hostname="LAPTOP-07R9VU7F" failures="0" tests="1" name="com.naveenautomation.pageTests.AccountPageTest" time="12.318" errors="0" timestamp="2023-11-13T17:54:41 EST" skipped="0">
  <testcase classname="com.naveenautomation.pageTests.AccountPageTest" name="validateUserCanUpdatePersonalInfo" time="12.318"/>
</testsuite> <!-- com.naveenautomation.pageTests.AccountPageTest -->
