<?xml version="1.0" encoding="UTF-8"?>
<!-- Generated by org.testng.reporters.JUnitReportReporter -->
<testsuite hostname="LAPTOP-07R9VU7F" failures="0" tests="5" name="com.naveenautomation.pageTests.HomePageTest" time="85.594" errors="0" timestamp="2023-11-13T17:51:42 EST" skipped="0">
  <testcase classname="com.naveenautomation.pageTests.HomePageTest" name="validateUserCanLogout" time="14.696"/>
  <testcase classname="com.naveenautomation.pageTests.HomePageTest" name="validateEmptyCartMessage" time="20.952"/>
  <testcase classname="com.naveenautomation.pageTests.HomePageTest" name="validateUserCanReturnProducts" time="16.665"/>
  <testcase classname="com.naveenautomation.pageTests.HomePageTest" name="validateContactUsEnquiryMessage" time="15.612"/>
  <testcase classname="com.naveenautomation.pageTests.HomePageTest" name="validateUserCanSortProductByBrand" time="17.669"/>
</testsuite> <!-- com.naveenautomation.pageTests.HomePageTest -->
