<?xml version="1.0" encoding="UTF-8"?>
<!-- Generated by org.testng.reporters.JUnitReportReporter -->
<testsuite hostname="LAPTOP-07R9VU7F" failures="0" tests="1" name="com.naveenautomation.pageTests.JavascriptExecutorExample" time="8.606" errors="0" timestamp="2023-10-17T08:18:50 EDT" skipped="0">
  <testcase classname="com.naveenautomation.pageTests.JavascriptExecutorExample" name="sendKeysUsingJavaScriptExecutor" time="8.606"/>
</testsuite> <!-- com.naveenautomation.pageTests.JavascriptExecutorExample -->
