<?xml version="1.0" encoding="UTF-8"?>
<!-- Generated by org.testng.reporters.JUnitReportReporter -->
<testsuite hostname="LAPTOP-07R9VU7F" failures="0" tests="1" name="com.naveenautomation.pageTests.ProductReturnPageTest" time="8.154" errors="0" timestamp="09 Oct 2023 20:46:30 GMT" skipped="0">
  <testcase classname="com.naveenautomation.pageTests.ProductReturnPageTest" name="validateProductReturnMessage" time="8.154"/>
</testsuite> <!-- com.naveenautomation.pageTests.ProductReturnPageTest -->
