<?xml version="1.0" encoding="UTF-8"?>
<!-- Generated by org.testng.reporters.JUnitReportReporter -->
<testsuite hostname="LAPTOP-07R9VU7F" failures="0" tests="1" name="com.naveenautomation.pageTests.HomePageTest" time="17.408" errors="0" timestamp="2023-11-15T06:11:16 EST" skipped="0">
  <testcase classname="com.naveenautomation.pageTests.HomePageTest" name="validateHomeLogo" time="17.408"/>
</testsuite> <!-- com.naveenautomation.pageTests.HomePageTest -->
