<?xml version="1.0" encoding="UTF-8"?>
<!-- Generated by org.testng.reporters.JUnitReportReporter -->
<testsuite hostname="LAPTOP-07R9VU7F" failures="0" tests="1" name="com.naveenautomation.pageTests.ForgetPasswordTest" time="14.451" errors="0" timestamp="2023-11-14T23:18:22 EST" skipped="0">
  <testcase classname="com.naveenautomation.pageTests.ForgetPasswordTest" name="validateUserCannotChangePwdWithInValidCredentials" time="14.451"/>
</testsuite> <!-- com.naveenautomation.pageTests.ForgetPasswordTest -->
