<?xml version="1.0" encoding="UTF-8"?>
<!-- Generated by org.testng.reporters.JUnitReportReporter -->
<testsuite hostname="LAPTOP-07R9VU7F" failures="0" tests="1" name="com.naveenautomation.pageTests.AddressBookTest" time="14.567" errors="0" timestamp="18 Nov 2023 14:53:08 GMT" skipped="0">
  <testcase classname="com.naveenautomation.pageTests.AddressBookTest" name="validateUserCanUpdateAddress" time="14.567"/>
</testsuite> <!-- com.naveenautomation.pageTests.AddressBookTest -->
