<?xml version="1.0" encoding="UTF-8"?>
<!-- Generated by org.testng.reporters.JUnitReportReporter -->
<testsuite hostname="LAPTOP-07R9VU7F" failures="0" tests="10" name="com.naveenautomation.pageTests.HomePageTest" time="161.819" errors="0" timestamp="16 Nov 2023 00:19:16 GMT" skipped="0">
  <testcase classname="com.naveenautomation.pageTests.HomePageTest" name="validateContactUsEnquiryMessage" time="18.782"/>
  <testcase classname="com.naveenautomation.pageTests.HomePageTest" name="validateUserCanSortProductByAppleBrand" time="17.091"/>
  <testcase classname="com.naveenautomation.pageTests.HomePageTest" name="validateUserCanLogout" time="15.923"/>
  <testcase classname="com.naveenautomation.pageTests.HomePageTest" name="validateHomeLogo" time="14.110"/>
  <testcase classname="com.naveenautomation.pageTests.HomePageTest" name="validateUserCanSortProductByPalmBrand" time="14.930"/>
  <testcase classname="com.naveenautomation.pageTests.HomePageTest" name="validateUserCanReturnProducts" time="16.539"/>
  <testcase classname="com.naveenautomation.pageTests.HomePageTest" name="validateUserCanSortProductByHPBrand" time="15.716"/>
  <testcase classname="com.naveenautomation.pageTests.HomePageTest" name="validateUserCanSortProductByHTCBrand" time="14.223"/>
  <testcase classname="com.naveenautomation.pageTests.HomePageTest" name="validateUserCanSortProductBySonyBrand" time="16.791"/>
  <testcase classname="com.naveenautomation.pageTests.HomePageTest" name="validateUserCanSortProductByCanonBrand" time="17.714"/>
</testsuite> <!-- com.naveenautomation.pageTests.HomePageTest -->
