<?xml version="1.0" encoding="UTF-8"?>
<!-- Generated by org.testng.reporters.JUnitReportReporter -->
<testsuite hostname="LAPTOP-07R9VU7F" failures="0" tests="2" name="com.naveenautomation.pageTests.LoginPageTest" time="20.618" errors="0" timestamp="18 Nov 2023 14:53:07 GMT" skipped="0">
  <testcase classname="com.naveenautomation.pageTests.LoginPageTest" name="validateUserCanAccessFwdPwdWithValidCredentials" time="11.419"/>
  <testcase classname="com.naveenautomation.pageTests.LoginPageTest" name="validateUserCanNotLoginWithInValidCredentials" time="9.199"/>
</testsuite> <!-- com.naveenautomation.pageTests.LoginPageTest -->
