<?xml version="1.0" encoding="UTF-8"?>
<!-- Generated by org.testng.reporters.JUnitReportReporter -->
<testsuite hostname="LAPTOP-07R9VU7F" failures="0" tests="3" name="com.naveenautomation.pageTests.RegisterPageTest" time="35.622" errors="0" timestamp="18 Nov 2023 14:53:07 GMT" skipped="0">
  <testcase classname="com.naveenautomation.pageTests.RegisterPageTest" name="validateUserCannotRegisterNewAccountWithRegistedEmail" time="11.832"/>
  <testcase classname="com.naveenautomation.pageTests.RegisterPageTest" name="validateUserCannotRegisterNewAccountWithPwdMismatch" time="12.003"/>
  <testcase classname="com.naveenautomation.pageTests.RegisterPageTest" name="validateUserCannotRegisterNewAccountWithoutCheckingAgree" time="11.787"/>
</testsuite> <!-- com.naveenautomation.pageTests.RegisterPageTest -->
