<?xml version="1.0" encoding="UTF-8"?>
<!-- Generated by org.testng.reporters.JUnitReportReporter -->
<testsuite hostname="LAPTOP-07R9VU7F" failures="0" tests="23" name="com.naveenautomation.pageTests.AccountPageTest" time="295.408" errors="1" timestamp="18 Nov 2023 14:53:08 GMT" skipped="0">
  <testcase classname="com.naveenautomation.pageTests.AccountPageTest" name="validateUserCanUpdateAffiliateInfo" time="13.563"/>
  <testcase classname="com.naveenautomation.pageTests.AccountPageTest" name="validateUserCanUnsubscribeNewsLetter" time="11.722"/>
  <testcase classname="com.naveenautomation.pageTests.AccountPageTest" name="validateLoginWithMultipleCredentials" time="15.513"/>
  <testcase classname="com.naveenautomation.pageTests.AccountPageTest" name="validateUserCanUpdatePassword" time="13.210"/>
  <testcase classname="com.naveenautomation.pageTests.AccountPageTest" name="validatePaymentsMessage" time="12.634"/>
  <testcase classname="com.naveenautomation.pageTests.AccountPageTest" name="validateUserCanLoginWithValidCredentials" time="9.414"/>
  <testcase classname="com.naveenautomation.pageTests.AccountPageTest" name="validateUserCanSubscribeNewsLetter" time="12.650"/>
  <testcase classname="com.naveenautomation.pageTests.AccountPageTest" name="validateUserAbleToViewOrderHistory" time="11.633"/>
  <testcase classname="com.naveenautomation.pageTests.AccountPageTest" name="validateUserCanUpdateEmail" time="14.432"/>
  <testcase classname="com.naveenautomation.pageTests.AccountPageTest" name="validateUserCanUpdateNumber" time="12.684"/>
  <testcase classname="com.naveenautomation.pageTests.AccountPageTest" name="validateLoginWithMultipleCredentials" time="11.601"/>
  <testcase classname="com.naveenautomation.pageTests.AccountPageTest" name="validateAccountDownloadsMessage" time="11.776"/>
  <testcase classname="com.naveenautomation.pageTests.AccountPageTest" name="validateWishListMessage" time="12.459"/>
  <testcase classname="com.naveenautomation.pageTests.AccountPageTest" name="validateLoginWithMultipleCredentials" time="10.013"/>
  <testcase classname="com.naveenautomation.pageTests.AccountPageTest" name="validateUserCanUpdateLastName" time="20.744"/>
  <testcase classname="com.naveenautomation.pageTests.AccountPageTest" name="validateUserCanUpdateFirstName" time="14.095"/>
  <testcase classname="com.naveenautomation.pageTests.AccountPageTest" name="validateUserCannotUpdatePasswordIfPwdMismatch" time="11.568"/>
  <testcase classname="com.naveenautomation.pageTests.AccountPageTest" name="validateUserAbleToViewRewardPoint" time="12.341"/>
  <testcase classname="com.naveenautomation.pageTests.AccountPageTest" name="validateTransactionsPageMessage" time="11.997"/>
  <testcase classname="com.naveenautomation.pageTests.AccountPageTest" name="validateUserAbleToViewPreviousOrderDetails" time="13.366"/>
  <testcase classname="com.naveenautomation.pageTests.AccountPageTest" name="validateProductReturnMessage" time="11.276"/>
  <testcase classname="com.naveenautomation.pageTests.AccountPageTest" name="validateUserCannotUpdateInfoWithEmptyField" time="14.567"/>
  <testcase classname="com.naveenautomation.pageTests.AccountPageTest" name="validateUserCanRegisterNewAccount" time="12.150">
    <error type="java.lang.Error">
      <![CDATA[java.lang.Error
at com.naveenautomation.pages.AccountSucessPage.isLoaded(AccountSucessPage.java:32)
at com.naveenautomation.pages.Page.waitForPageToLoad(Page.java:26)
at com.naveenautomation.pages.Page.<init>(Page.java:12)
at com.naveenautomation.pages.AccountSucessPage.<init>(AccountSucessPage.java:11)
at com.naveenautomation.pages.RegisterPage.clickSubmitButton(RegisterPage.java:76)
at com.naveenautomation.pageTests.AccountPageTest.validateUserCanRegisterNewAccount(AccountPageTest.java:134)
at java.base/jdk.internal.reflect.NativeMethodAccessorImpl.invoke0(Native Method)
at java.base/jdk.internal.reflect.NativeMethodAccessorImpl.invoke(NativeMethodAccessorImpl.java:62)
at java.base/jdk.internal.reflect.DelegatingMethodAccessorImpl.invoke(DelegatingMethodAccessorImpl.java:43)
at java.base/java.lang.reflect.Method.invoke(Method.java:566)
at org.testng.internal.MethodInvocationHelper.invokeMethod(MethodInvocationHelper.java:124)
at org.testng.internal.Invoker.invokeMethod(Invoker.java:583)
at org.testng.internal.Invoker.invokeTestMethod(Invoker.java:719)
at org.testng.internal.Invoker.invokeTestMethods(Invoker.java:989)
at org.testng.internal.TestMethodWorker.invokeTestMethods(TestMethodWorker.java:125)
at org.testng.internal.TestMethodWorker.run(TestMethodWorker.java:109)
at org.testng.TestRunner.privateRun(TestRunner.java:648)
at org.testng.TestRunner.run(TestRunner.java:505)
at org.testng.SuiteRunner.runTest(SuiteRunner.java:455)
at org.testng.SuiteRunner.runSequentially(SuiteRunner.java:450)
at org.testng.SuiteRunner.privateRun(SuiteRunner.java:415)
at org.testng.SuiteRunner.run(SuiteRunner.java:364)
at org.testng.SuiteRunnerWorker.runSuite(SuiteRunnerWorker.java:52)
at org.testng.SuiteRunnerWorker.run(SuiteRunnerWorker.java:84)
at org.testng.TestNG.runSuitesSequentially(TestNG.java:1208)
at org.testng.TestNG.runSuitesLocally(TestNG.java:1137)
at org.testng.TestNG.runSuites(TestNG.java:1049)
at org.testng.TestNG.run(TestNG.java:1017)
at org.apache.maven.surefire.testng.TestNGExecutor.run(TestNGExecutor.java:135)
at org.apache.maven.surefire.testng.TestNGDirectoryTestSuite.executeMulti(TestNGDirectoryTestSuite.java:193)
at org.apache.maven.surefire.testng.TestNGDirectoryTestSuite.execute(TestNGDirectoryTestSuite.java:94)
at org.apache.maven.surefire.testng.TestNGProvider.invoke(TestNGProvider.java:146)
at org.apache.maven.surefire.booter.ForkedBooter.invokeProviderInSameClassLoader(ForkedBooter.java:384)
at org.apache.maven.surefire.booter.ForkedBooter.runSuitesInProcess(ForkedBooter.java:345)
at org.apache.maven.surefire.booter.ForkedBooter.execute(ForkedBooter.java:126)
at org.apache.maven.surefire.booter.ForkedBooter.main(ForkedBooter.java:418)
]]>
    </error>
  </testcase> <!-- validateUserCanRegisterNewAccount -->
</testsuite> <!-- com.naveenautomation.pageTests.AccountPageTest -->
