<?xml version="1.0" encoding="UTF-8"?>
<!-- Generated by org.testng.reporters.JUnitReportReporter -->
<testsuite hostname="LAPTOP-07R9VU7F" failures="0" tests="10" name="com.naveenautomation.pageTests.HomePageTest" time="139.601" errors="0" timestamp="18 Nov 2023 14:53:08 GMT" skipped="0">
  <testcase classname="com.naveenautomation.pageTests.HomePageTest" name="validateUserCanSortProductByAppleBrand" time="15.018"/>
  <testcase classname="com.naveenautomation.pageTests.HomePageTest" name="validateUserCanSortProductByCanonBrand" time="13.440"/>
  <testcase classname="com.naveenautomation.pageTests.HomePageTest" name="validateUserCanSortProductByHTCBrand" time="14.675"/>
  <testcase classname="com.naveenautomation.pageTests.HomePageTest" name="validateUserCanReturnProducts" time="15.139"/>
  <testcase classname="com.naveenautomation.pageTests.HomePageTest" name="validateUserCanSortProductByHPBrand" time="13.057"/>
  <testcase classname="com.naveenautomation.pageTests.HomePageTest" name="validateUserCanLogout" time="13.179"/>
  <testcase classname="com.naveenautomation.pageTests.HomePageTest" name="validateContactUsEnquiryMessage" time="15.261"/>
  <testcase classname="com.naveenautomation.pageTests.HomePageTest" name="validateUserCanSortProductByPalmBrand" time="13.285"/>
  <testcase classname="com.naveenautomation.pageTests.HomePageTest" name="validateHomeLogo" time="12.469"/>
  <testcase classname="com.naveenautomation.pageTests.HomePageTest" name="validateUserCanSortProductBySonyBrand" time="14.078"/>
</testsuite> <!-- com.naveenautomation.pageTests.HomePageTest -->
