<?xml version="1.0" encoding="UTF-8"?>
<!-- Generated by org.testng.reporters.JUnitReportReporter -->
<testsuite hostname="LAPTOP-07R9VU7F" failures="0" tests="23" name="com.naveenautomation.pageTests.AccountPageTest" time="324.503" errors="1" timestamp="16 Nov 2023 00:19:16 GMT" skipped="0">
  <testcase classname="com.naveenautomation.pageTests.AccountPageTest" name="validateUserAbleToViewPreviousOrderDetails" time="14.584"/>
  <testcase classname="com.naveenautomation.pageTests.AccountPageTest" name="validateUserCannotUpdatePasswordIfPwdMismatch" time="13.406"/>
  <testcase classname="com.naveenautomation.pageTests.AccountPageTest" name="validateUserCanRegisterNewAccount" time="12.213">
    <error type="java.lang.Error">
      <![CDATA[java.lang.Error
at com.naveenautomation.pages.AccountSucessPage.isLoaded(AccountSucessPage.java:32)
at com.naveenautomation.pages.Page.waitForPageToLoad(Page.java:26)
at com.naveenautomation.pages.Page.<init>(Page.java:12)
at com.naveenautomation.pages.AccountSucessPage.<init>(AccountSucessPage.java:11)
at com.naveenautomation.pages.RegisterPage.clickSubmitButton(RegisterPage.java:76)
at com.naveenautomation.pageTests.AccountPageTest.validateUserCanRegisterNewAccount(AccountPageTest.java:134)
at java.base/jdk.internal.reflect.NativeMethodAccessorImpl.invoke0(Native Method)
at java.base/jdk.internal.reflect.NativeMethodAccessorImpl.invoke(NativeMethodAccessorImpl.java:62)
at java.base/jdk.internal.reflect.DelegatingMethodAccessorImpl.invoke(DelegatingMethodAccessorImpl.java:43)
at java.base/java.lang.reflect.Method.invoke(Method.java:566)
at org.testng.internal.MethodInvocationHelper.invokeMethod(MethodInvocationHelper.java:124)
at org.testng.internal.Invoker.invokeMethod(Invoker.java:583)
at org.testng.internal.Invoker.invokeTestMethod(Invoker.java:719)
at org.testng.internal.Invoker.invokeTestMethods(Invoker.java:989)
at org.testng.internal.TestMethodWorker.invokeTestMethods(TestMethodWorker.java:125)
at org.testng.internal.TestMethodWorker.run(TestMethodWorker.java:109)
at org.testng.TestRunner.privateRun(TestRunner.java:648)
at org.testng.TestRunner.run(TestRunner.java:505)
at org.testng.SuiteRunner.runTest(SuiteRunner.java:455)
at org.testng.SuiteRunner.runSequentially(SuiteRunner.java:450)
at org.testng.SuiteRunner.privateRun(SuiteRunner.java:415)
at org.testng.SuiteRunner.run(SuiteRunner.java:364)
at org.testng.SuiteRunnerWorker.runSuite(SuiteRunnerWorker.java:52)
at org.testng.SuiteRunnerWorker.run(SuiteRunnerWorker.java:84)
at org.testng.TestNG.runSuitesSequentially(TestNG.java:1208)
at org.testng.TestNG.runSuitesLocally(TestNG.java:1137)
at org.testng.TestNG.runSuites(TestNG.java:1049)
at org.testng.TestNG.run(TestNG.java:1017)
at org.apache.maven.surefire.testng.TestNGExecutor.run(TestNGExecutor.java:135)
at org.apache.maven.surefire.testng.TestNGDirectoryTestSuite.executeMulti(TestNGDirectoryTestSuite.java:193)
at org.apache.maven.surefire.testng.TestNGDirectoryTestSuite.execute(TestNGDirectoryTestSuite.java:94)
at org.apache.maven.surefire.testng.TestNGProvider.invoke(TestNGProvider.java:146)
at org.apache.maven.surefire.booter.ForkedBooter.invokeProviderInSameClassLoader(ForkedBooter.java:384)
at org.apache.maven.surefire.booter.ForkedBooter.runSuitesInProcess(ForkedBooter.java:345)
at org.apache.maven.surefire.booter.ForkedBooter.execute(ForkedBooter.java:126)
at org.apache.maven.surefire.booter.ForkedBooter.main(ForkedBooter.java:418)
]]>
    </error>
  </testcase> <!-- validateUserCanRegisterNewAccount -->
  <testcase classname="com.naveenautomation.pageTests.AccountPageTest" name="validateAccountDownloadsMessage" time="13.022"/>
  <testcase classname="com.naveenautomation.pageTests.AccountPageTest" name="validateLoginWithMultipleCredentials" time="12.379"/>
  <testcase classname="com.naveenautomation.pageTests.AccountPageTest" name="validateLoginWithMultipleCredentials" time="12.733"/>
  <testcase classname="com.naveenautomation.pageTests.AccountPageTest" name="validatePaymentsMessage" time="11.233"/>
  <testcase classname="com.naveenautomation.pageTests.AccountPageTest" name="validateWishListMessage" time="16.545"/>
  <testcase classname="com.naveenautomation.pageTests.AccountPageTest" name="validateUserCanUpdateFirstName" time="13.482"/>
  <testcase classname="com.naveenautomation.pageTests.AccountPageTest" name="validateProductReturnMessage" time="14.292"/>
  <testcase classname="com.naveenautomation.pageTests.AccountPageTest" name="validateUserCanUpdateAffiliateInfo" time="22.248"/>
  <testcase classname="com.naveenautomation.pageTests.AccountPageTest" name="validateUserCanUpdateNumber" time="16.792"/>
  <testcase classname="com.naveenautomation.pageTests.AccountPageTest" name="validateUserCanUnsubscribeNewsLetter" time="17.626"/>
  <testcase classname="com.naveenautomation.pageTests.AccountPageTest" name="validateUserCanUpdateEmail" time="15.191"/>
  <testcase classname="com.naveenautomation.pageTests.AccountPageTest" name="validateUserAbleToViewOrderHistory" time="11.281"/>
  <testcase classname="com.naveenautomation.pageTests.AccountPageTest" name="validateUserCanSubscribeNewsLetter" time="13.828"/>
  <testcase classname="com.naveenautomation.pageTests.AccountPageTest" name="validateUserCanLoginWithValidCredentials" time="10.881"/>
  <testcase classname="com.naveenautomation.pageTests.AccountPageTest" name="validateUserCannotUpdateInfoWithEmptyField" time="14.560"/>
  <testcase classname="com.naveenautomation.pageTests.AccountPageTest" name="validateTransactionsPageMessage" time="11.633"/>
  <testcase classname="com.naveenautomation.pageTests.AccountPageTest" name="validateUserAbleToViewRewardPoint" time="13.598"/>
  <testcase classname="com.naveenautomation.pageTests.AccountPageTest" name="validateUserCanUpdateLastName" time="17.997"/>
  <testcase classname="com.naveenautomation.pageTests.AccountPageTest" name="validateLoginWithMultipleCredentials" time="10.941"/>
  <testcase classname="com.naveenautomation.pageTests.AccountPageTest" name="validateUserCanUpdatePassword" time="14.038"/>
</testsuite> <!-- com.naveenautomation.pageTests.AccountPageTest -->
