<?xml version="1.0" encoding="UTF-8"?>
<!-- Generated by org.testng.reporters.JUnitReportReporter -->
<testsuite hostname="LAPTOP-07R9VU7F" failures="0" tests="1" name="com.naveenautomation.pageTests.AddressBookTest" time="12.875" errors="0" timestamp="16 Nov 2023 00:19:16 GMT" skipped="0">
  <testcase classname="com.naveenautomation.pageTests.AddressBookTest" name="validateUserCanUpdateAddress" time="12.875"/>
</testsuite> <!-- com.naveenautomation.pageTests.AddressBookTest -->
