<?xml version="1.0" encoding="UTF-8"?>
<!-- Generated by org.testng.reporters.JUnitReportReporter -->
<testsuite hostname="LAPTOP-07R9VU7F" failures="0" tests="2" name="com.naveenautomation.pageTests.LoginPageTest" time="22.247" errors="0" timestamp="16 Nov 2023 00:19:16 GMT" skipped="0">
  <testcase classname="com.naveenautomation.pageTests.LoginPageTest" name="validateUserCanAccessFwdPwdWithValidCredentials" time="11.264"/>
  <testcase classname="com.naveenautomation.pageTests.LoginPageTest" name="validateUserCanNotLoginWithInValidCredentials" time="10.983"/>
</testsuite> <!-- com.naveenautomation.pageTests.LoginPageTest -->
