<?xml version="1.0" encoding="UTF-8"?>
<!-- Generated by org.testng.reporters.JUnitReportReporter -->
<testsuite hostname="LAPTOP-07R9VU7F" failures="0" tests="3" name="com.naveenautomation.pageTests.RegisterPageTest" time="41.025" errors="0" timestamp="16 Nov 2023 00:19:16 GMT" skipped="0">
  <testcase classname="com.naveenautomation.pageTests.RegisterPageTest" name="validateUserCannotRegisterNewAccountWithRegistedEmail" time="16.896"/>
  <testcase classname="com.naveenautomation.pageTests.RegisterPageTest" name="validateUserCannotRegisterNewAccountWithoutCheckingAgree" time="13.551"/>
  <testcase classname="com.naveenautomation.pageTests.RegisterPageTest" name="validateUserCannotRegisterNewAccountWithPwdMismatch" time="10.578"/>
</testsuite> <!-- com.naveenautomation.pageTests.RegisterPageTest -->
