<?xml version="1.0" encoding="UTF-8"?>
<!-- Generated by org.testng.reporters.JUnitReportReporter -->
<testsuite hostname="LAPTOP-07R9VU7F" failures="0" tests="1" name="com.naveenautomation.pageTests.ForgetPasswordTest" time="9.524" errors="0" timestamp="18 Nov 2023 14:53:08 GMT" skipped="0">
  <testcase classname="com.naveenautomation.pageTests.ForgetPasswordTest" name="validateUserCannotChangePwdWithInValidCredentials" time="9.524"/>
</testsuite> <!-- com.naveenautomation.pageTests.ForgetPasswordTest -->
